[0m19:33:12.139134 [debug] [MainThread]: Sending event: {'category': 'dbt', 'action': 'invocation', 'label': 'start', 'context': [<snowplow_tracker.self_describing_json.SelfDescribingJson object at 0x7fb78a245160>, <snowplow_tracker.self_describing_json.SelfDescribingJson object at 0x7fb78a2775c0>, <snowplow_tracker.self_describing_json.SelfDescribingJson object at 0x7fb78a2746b0>]}


============================== 19:33:12.166324 | 6b3bbe55-dfb3-4c29-806a-db401e60d5df ==============================
[0m19:33:12.166324 [info ] [MainThread]: Running with dbt=1.9.4
[0m19:33:12.166737 [debug] [MainThread]: running dbt with arguments {'printer_width': '80', 'indirect_selection': 'eager', 'log_cache_events': 'False', 'write_json': 'True', 'partial_parse': 'True', 'cache_selected_only': 'False', 'warn_error': 'None', 'debug': 'False', 'version_check': 'True', 'log_path': 'logs', 'fail_fast': 'False', 'profiles_dir': '/home/hcesarino/.dbt', 'use_colors': 'True', 'use_experimental_parser': 'False', 'no_print': 'None', 'quiet': 'False', 'empty': 'None', 'log_format': 'default', 'invocation_command': 'dbt init vendas_dbt', 'static_parser': 'True', 'introspect': 'True', 'target_path': 'None', 'warn_error_options': 'WarnErrorOptions(include=[], exclude=[])', 'send_anonymous_usage_stats': 'True'}
[0m19:33:12.198598 [warn ] [MainThread]: [ConfigFolderDirectory]: Unable to parse logging event dictionary. Failed to parse dir field: expected string or bytes-like object, got 'PosixPath'.. Dictionary: {'dir': PosixPath('/home/hcesarino/.dbt')}
[0m19:33:12.198955 [info ] [MainThread]: Creating dbt configuration folder at 
[0m19:33:12.200616 [debug] [MainThread]: Starter project path: /home/hcesarino/.cache/pypoetry/virtualenvs/project-x-PiJnOFU_-py3.12/lib/python3.12/site-packages/dbt/include/starter_project
[0m19:33:12.202659 [info ] [MainThread]: 
Your new dbt project "vendas_dbt" was created!

For more information on how to configure the profiles.yml file,
please consult the dbt documentation here:

  https://docs.getdbt.com/docs/configure-your-profile

One more thing:

Need help? Don't hesitate to reach out to us via GitHub issues or on Slack:

  https://community.getdbt.com/

Happy modeling!

[0m19:33:12.202924 [info ] [MainThread]: Setting up your profile.
[0m19:36:15.320648 [info ] [MainThread]: Profile vendas_dbt written to /home/hcesarino/.dbt/profiles.yml using target's profile_template.yml and your supplied values. Run 'dbt debug' to validate the connection.
[0m19:36:15.322726 [debug] [MainThread]: Resource report: {"command_name": "init", "command_success": true, "command_wall_clock_time": 176.21246, "process_in_blocks": "20448", "process_kernel_time": 0.175179, "process_mem_max_rss": "116772", "process_out_blocks": "30384", "process_user_time": 2.030026}
[0m19:36:15.323081 [debug] [MainThread]: Command `dbt init` succeeded at 19:36:15.322994 after 176.21 seconds
[0m19:36:15.323362 [debug] [MainThread]: Sending event: {'category': 'dbt', 'action': 'invocation', 'label': 'end', 'context': [<snowplow_tracker.self_describing_json.SelfDescribingJson object at 0x7fb789ec7ad0>, <snowplow_tracker.self_describing_json.SelfDescribingJson object at 0x7fb78a0ab260>, <snowplow_tracker.self_describing_json.SelfDescribingJson object at 0x7fb78a556b70>]}
[0m19:36:15.323673 [debug] [MainThread]: Flushing usage events
[0m19:36:15.935517 [debug] [MainThread]: An error was encountered while trying to flush usage events
